  Orb.c
c:\users\richardhuo\desktop\大作业\orb\orb\orb\orb.c(214): warning C4244: “=”: 从“double”转换到“float”，可能丢失数据
c:\users\richardhuo\desktop\大作业\orb\orb\orb\orb.c(218): warning C4244: “=”: 从“double”转换到“float”，可能丢失数据
c:\users\richardhuo\desktop\大作业\orb\orb\orb\orb.c(384): warning C4244: “函数”: 从“float”转换到“int”，可能丢失数据
c:\users\richardhuo\desktop\大作业\orb\orb\orb\orb.c(385): warning C4244: “函数”: 从“float”转换到“int”，可能丢失数据
c:\users\richardhuo\desktop\大作业\orb\orb\orb\orb.c(386): warning C4244: “函数”: 从“float”转换到“int”，可能丢失数据
c:\users\richardhuo\desktop\大作业\orb\orb\orb\orb.c(387): warning C4244: “函数”: 从“float”转换到“int”，可能丢失数据
c:\users\richardhuo\desktop\大作业\orb\orb\orb\orb.c(388): warning C4244: “函数”: 从“float”转换到“int”，可能丢失数据
c:\users\richardhuo\desktop\大作业\orb\orb\orb\orb.c(389): warning C4244: “函数”: 从“float”转换到“int”，可能丢失数据
c:\users\richardhuo\desktop\大作业\orb\orb\orb\orb.c(390): warning C4244: “函数”: 从“float”转换到“int”，可能丢失数据
c:\users\richardhuo\desktop\大作业\orb\orb\orb\orb.c(391): warning C4244: “函数”: 从“float”转换到“int”，可能丢失数据
c:\users\richardhuo\desktop\大作业\orb\orb\orb\orb.c(392): warning C4244: “函数”: 从“float”转换到“int”，可能丢失数据
c:\users\richardhuo\desktop\大作业\orb\orb\orb\orb.c(393): warning C4244: “函数”: 从“float”转换到“int”，可能丢失数据
c:\users\richardhuo\desktop\大作业\orb\orb\orb\orb.c(394): warning C4244: “函数”: 从“float”转换到“int”，可能丢失数据
c:\users\richardhuo\desktop\大作业\orb\orb\orb\orb.c(395): warning C4244: “函数”: 从“float”转换到“int”，可能丢失数据
c:\users\richardhuo\desktop\大作业\orb\orb\orb\orb.c(396): warning C4244: “函数”: 从“float”转换到“int”，可能丢失数据
c:\users\richardhuo\desktop\大作业\orb\orb\orb\orb.c(397): warning C4244: “函数”: 从“float”转换到“int”，可能丢失数据
c:\users\richardhuo\desktop\大作业\orb\orb\orb\orb.c(398): warning C4244: “函数”: 从“float”转换到“int”，可能丢失数据
c:\users\richardhuo\desktop\大作业\orb\orb\orb\orb.c(399): warning C4244: “函数”: 从“float”转换到“int”，可能丢失数据
c:\users\richardhuo\desktop\大作业\orb\orb\orb\orb.c(433): warning C4244: “函数”: 从“float”转换到“int”，可能丢失数据
c:\users\richardhuo\desktop\大作业\orb\orb\orb\orb.c(434): warning C4244: “函数”: 从“float”转换到“int”，可能丢失数据
c:\users\richardhuo\desktop\大作业\orb\orb\orb\orb.c(435): warning C4244: “函数”: 从“float”转换到“int”，可能丢失数据
c:\users\richardhuo\desktop\大作业\orb\orb\orb\orb.c(436): warning C4244: “函数”: 从“float”转换到“int”，可能丢失数据
c:\users\richardhuo\desktop\大作业\orb\orb\orb\orb.c(437): warning C4244: “函数”: 从“float”转换到“int”，可能丢失数据
c:\users\richardhuo\desktop\大作业\orb\orb\orb\orb.c(438): warning C4244: “函数”: 从“float”转换到“int”，可能丢失数据
c:\users\richardhuo\desktop\大作业\orb\orb\orb\orb.c(439): warning C4244: “函数”: 从“float”转换到“int”，可能丢失数据
c:\users\richardhuo\desktop\大作业\orb\orb\orb\orb.c(440): warning C4244: “函数”: 从“float”转换到“int”，可能丢失数据
c:\users\richardhuo\desktop\大作业\orb\orb\orb\orb.c(441): warning C4244: “函数”: 从“float”转换到“int”，可能丢失数据
c:\users\richardhuo\desktop\大作业\orb\orb\orb\orb.c(442): warning C4244: “函数”: 从“float”转换到“int”，可能丢失数据
c:\users\richardhuo\desktop\大作业\orb\orb\orb\orb.c(443): warning C4244: “函数”: 从“float”转换到“int”，可能丢失数据
c:\users\richardhuo\desktop\大作业\orb\orb\orb\orb.c(444): warning C4244: “函数”: 从“float”转换到“int”，可能丢失数据
c:\users\richardhuo\desktop\大作业\orb\orb\orb\orb.c(445): warning C4244: “函数”: 从“float”转换到“int”，可能丢失数据
c:\users\richardhuo\desktop\大作业\orb\orb\orb\orb.c(446): warning C4244: “函数”: 从“float”转换到“int”，可能丢失数据
c:\users\richardhuo\desktop\大作业\orb\orb\orb\orb.c(447): warning C4244: “函数”: 从“float”转换到“int”，可能丢失数据
c:\users\richardhuo\desktop\大作业\orb\orb\orb\orb.c(448): warning C4244: “函数”: 从“float”转换到“int”，可能丢失数据
c:\users\richardhuo\desktop\大作业\orb\orb\orb\orb.c(524): warning C4101: “As”: 未引用的局部变量
c:\users\richardhuo\desktop\大作业\orb\orb\orb\orb.c(518): warning C4101: “test”: 未引用的局部变量
  Orb.vcxproj -> C:\Users\RichardHuo\Desktop\大作业\Orb\Orb\Debug\Orb.exe
